{
  "RSpec": {
    "coverage": {
      "/app/lib/easyop.rb": {
        "lines": [
          1,
          1,
          1,
          1,
          1,
          1,
          1,
          1,
          1,
          1,
          null,
          null,
          null,
          null,
          null,
          null,
          null,
          null,
          null,
          null,
          1,
          null,
          null,
          null,
          null,
          null,
          null,
          null,
          null,
          null,
          null,
          null,
          null,
          null,
          null,
          null,
          null,
          null,
          null,
          null,
          null
        ]
      },
      "/app/lib/easyop/configuration.rb": {
        "lines": [
          1,
          1,
          null,
          null,
          1,
          null,
          null,
          null,
          1,
          null,
          1,
          239,
          239,
          null,
          null,
          null,
          1,
          1,
          19,
          null,
          null,
          1,
          8,
          null,
          null,
          null,
          1,
          239,
          null,
          null,
          null
        ]
      },
      "/app/lib/easyop/ctx.rb": {
        "lines": [
          1,
          null,
          null,
          null,
          null,
          null,
          null,
          null,
          null,
          null,
          null,
          null,
          null,
          null,
          null,
          null,
          null,
          null,
          null,
          null,
          1,
          null,
          null,
          1,
          1,
          null,
          1,
          58,
          58,
          null,
          null,
          null,
          null,
          null,
          1,
          147,
          145,
          null,
          null,
          1,
          197,
          197,
          197,
          197,
          374,
          null,
          null,
          null,
          null,
          1,
          244,
          null,
          null,
          1,
          289,
          null,
          null,
          1,
          116,
          60,
          null,
          null,
          1,
          21,
          null,
          null,
          1,
          2,
          null,
          null,
          null,
          1,
          7,
          13,
          13,
          null,
          null,
          null,
          null,
          null,
          1,
          79,
          null,
          1,
          null,
          1,
          43,
          null,
          1,
          null,
          null,
          null,
          null,
          null,
          1,
          58,
          58,
          58,
          null,
          null,
          null,
          null,
          1,
          158,
          null,
          null,
          1,
          1,
          null,
          null,
          1,
          7,
          null,
          null,
          1,
          1,
          null,
          null,
          null,
          null,
          1,
          4,
          4,
          null,
          null,
          1,
          4,
          4,
          null,
          null,
          null,
          null,
          null,
          1,
          42,
          42,
          null,
          null,
          null,
          null,
          1,
          20,
          18,
          18,
          11,
          null,
          null,
          null,
          null,
          null,
          null,
          1,
          4,
          4,
          4,
          null,
          null,
          null,
          null,
          null,
          1,
          92,
          92,
          48,
          44,
          6,
          6,
          38,
          37,
          null,
          1,
          null,
          null,
          null,
          1,
          4,
          4,
          3,
          2,
          null,
          null,
          1,
          3,
          3,
          null,
          null,
          null
        ]
      },
      "/app/lib/easyop/hooks.rb": {
        "lines": [
          1,
          null,
          null,
          null,
          null,
          null,
          null,
          null,
          null,
          null,
          null,
          null,
          null,
          null,
          null,
          null,
          null,
          1,
          1,
          228,
          null,
          null,
          1,
          null,
          1,
          12,
          11,
          null,
          null,
          null,
          1,
          6,
          6,
          null,
          null,
          null,
          null,
          1,
          34,
          19,
          null,
          null,
          null,
          null,
          1,
          228,
          null,
          null,
          1,
          211,
          null,
          null,
          1,
          226,
          null,
          null,
          1,
          null,
          1,
          600,
          600,
          null,
          null,
          null,
          null,
          null,
          1,
          194,
          193,
          null,
          188,
          null,
          188,
          null,
          null,
          null,
          194,
          null,
          null,
          1,
          null,
          1,
          381,
          33,
          18,
          15,
          null,
          null,
          null,
          null,
          null,
          1,
          194,
          18,
          18,
          null,
          null,
          27,
          null,
          null,
          4,
          null,
          null,
          null,
          194,
          null,
          null,
          null
        ]
      },
      "/app/lib/easyop/rescuable.rb": {
        "lines": [
          1,
          null,
          null,
          null,
          null,
          null,
          null,
          null,
          null,
          null,
          null,
          null,
          1,
          1,
          228,
          null,
          null,
          1,
          null,
          null,
          1,
          17,
          null,
          16,
          16,
          18,
          null,
          null,
          null,
          null,
          1,
          40,
          null,
          null,
          null,
          1,
          22,
          22,
          22,
          null,
          null,
          null,
          null,
          null,
          1,
          17,
          17,
          null,
          12,
          5,
          7,
          null,
          1,
          null,
          null,
          1,
          null,
          1,
          17,
          15,
          14,
          null,
          1,
          null,
          5,
          null,
          null,
          null
        ]
      },
      "/app/lib/easyop/skip.rb": {
        "lines": [
          1,
          1,
          1,
          228,
          null,
          null,
          1,
          1,
          6,
          null,
          null,
          1,
          3,
          null,
          null,
          null,
          1,
          51,
          null,
          null,
          null,
          null
        ]
      },
      "/app/lib/easyop/schema.rb": {
        "lines": [
          1,
          null,
          null,
          null,
          null,
          null,
          null,
          null,
          null,
          null,
          null,
          null,
          null,
          null,
          null,
          null,
          null,
          null,
          null,
          null,
          null,
          null,
          null,
          1,
          1,
          228,
          null,
          null,
          1,
          null,
          1,
          11,
          11,
          10,
          null,
          null,
          10,
          null,
          1,
          null,
          null,
          1,
          4,
          4,
          4,
          null,
          4,
          null,
          1,
          null,
          1,
          13,
          null,
          null,
          1,
          4,
          null,
          null,
          null,
          null,
          null,
          1,
          13,
          13,
          13,
          null,
          null,
          1,
          4,
          4,
          3,
          null,
          null,
          null,
          null,
          1,
          null,
          1,
          null,
          null,
          null,
          null,
          null,
          null,
          null,
          1,
          null,
          1,
          17,
          null,
          null,
          1,
          21,
          null,
          null,
          1,
          7,
          null,
          null,
          1,
          4,
          null,
          null,
          null,
          null,
          null,
          1,
          16,
          26,
          null,
          null,
          26,
          4,
          4,
          null,
          null,
          null,
          26,
          1,
          null,
          null,
          null,
          null,
          null,
          null,
          25,
          25,
          null,
          25,
          null,
          null,
          null,
          1,
          null,
          1,
          28,
          27,
          null,
          null,
          null,
          27,
          null,
          null,
          null,
          null,
          1,
          28,
          28,
          null,
          6,
          null,
          null,
          1,
          25,
          53,
          25,
          null,
          5,
          null,
          null,
          5,
          4,
          null,
          1,
          null,
          null,
          null,
          null
        ]
      },
      "/app/lib/easyop/operation.rb": {
        "lines": [
          1,
          null,
          null,
          null,
          null,
          null,
          null,
          null,
          null,
          null,
          null,
          null,
          null,
          null,
          null,
          null,
          1,
          1,
          228,
          228,
          228,
          228,
          228,
          null,
          null,
          null,
          null,
          1,
          null,
          null,
          1,
          139,
          null,
          null,
          null,
          1,
          6,
          null,
          null,
          null,
          null,
          null,
          null,
          null,
          null,
          null,
          1,
          65,
          65,
          null,
          null,
          1,
          72,
          null,
          null,
          null,
          null,
          null,
          null,
          1,
          267,
          null,
          null,
          null,
          1,
          null,
          null,
          null,
          null,
          1,
          null,
          null,
          null,
          null,
          null,
          null,
          1,
          194,
          194,
          54,
          null,
          140,
          null,
          172,
          null,
          null,
          1,
          null,
          null,
          1,
          108,
          null,
          17,
          null,
          2,
          null,
          null,
          null,
          1,
          274,
          null,
          null,
          null,
          null,
          15,
          null,
          4,
          4,
          null,
          null,
          null,
          null,
          null,
          null,
          null
        ]
      },
      "/app/lib/easyop/flow_builder.rb": {
        "lines": [
          1,
          null,
          null,
          null,
          null,
          null,
          null,
          null,
          null,
          null,
          null,
          null,
          null,
          null,
          null,
          1,
          1,
          19,
          19,
          19,
          19,
          null,
          null,
          null,
          1,
          6,
          6,
          null,
          null,
          null,
          1,
          6,
          6,
          null,
          null,
          null,
          null,
          1,
          5,
          5,
          null,
          null,
          null,
          null,
          null,
          null,
          1,
          6,
          6,
          5,
          9,
          null,
          6,
          3,
          5,
          null,
          6,
          null,
          null,
          null,
          null,
          1,
          16,
          16,
          30,
          15,
          null,
          null,
          1,
          null,
          1,
          6,
          5,
          5,
          null,
          1,
          null,
          null,
          null,
          null
        ]
      },
      "/app/lib/easyop/flow.rb": {
        "lines": [
          1,
          null,
          null,
          null,
          null,
          null,
          null,
          null,
          null,
          null,
          null,
          null,
          null,
          null,
          null,
          null,
          null,
          null,
          null,
          null,
          null,
          null,
          null,
          null,
          null,
          null,
          null,
          1,
          null,
          null,
          null,
          1,
          1,
          36,
          null,
          36,
          54,
          2,
          2,
          null,
          null,
          null,
          52,
          2,
          2,
          2,
          null,
          null,
          null,
          51,
          null,
          48,
          48,
          34,
          null,
          null,
          14,
          14,
          null,
          null,
          null,
          1,
          36,
          36,
          36,
          null,
          null,
          1,
          null,
          1,
          36,
          null,
          null,
          1,
          36,
          null,
          null,
          null,
          null,
          null,
          null,
          null,
          null,
          null,
          null,
          null,
          null,
          null,
          1,
          19,
          null,
          null,
          null,
          null
        ]
      },
      "/app/lib/easyop/plugins/async.rb": {
        "lines": [
          null,
          null,
          1,
          1,
          null,
          null,
          null,
          null,
          null,
          null,
          null,
          null,
          null,
          null,
          null,
          null,
          null,
          null,
          null,
          null,
          null,
          null,
          1,
          1,
          11,
          11,
          null,
          null,
          1,
          null,
          null,
          null,
          null,
          1,
          9,
          9,
          8,
          8,
          8,
          8,
          8,
          null,
          null,
          1,
          9,
          1,
          null,
          null,
          1,
          null,
          1,
          9,
          1,
          null,
          null,
          null,
          null,
          1,
          8,
          4,
          1,
          null,
          3,
          null,
          null,
          null,
          null,
          null,
          null,
          null,
          1,
          33,
          14,
          null,
          14,
          14,
          null,
          14,
          2,
          2,
          2,
          1,
          null,
          1,
          null,
          null,
          2,
          null,
          null,
          null,
          null,
          14,
          14,
          null,
          null,
          null,
          null,
          null
        ]
      },
      "/app/lib/easyop/plugins/base.rb": {
        "lines": [
          1,
          1,
          null,
          null,
          null,
          null,
          null,
          null,
          null,
          null,
          null,
          null,
          null,
          null,
          null,
          null,
          null,
          null,
          null,
          null,
          1,
          1,
          2,
          null,
          null,
          null,
          null
        ]
      },
      "/app/lib/easyop/plugins/instrumentation.rb": {
        "lines": [
          null,
          null,
          1,
          1,
          null,
          null,
          null,
          null,
          null,
          null,
          null,
          null,
          null,
          null,
          null,
          null,
          null,
          null,
          null,
          null,
          null,
          null,
          null,
          null,
          null,
          null,
          null,
          null,
          1,
          1,
          null,
          1,
          17,
          null,
          null,
          null,
          null,
          1,
          2,
          2,
          2,
          2,
          null,
          2,
          2,
          2,
          2,
          null,
          2,
          2,
          1,
          null,
          1,
          null,
          null,
          null,
          null,
          1,
          1,
          16,
          16,
          null,
          16,
          16,
          16,
          16,
          16,
          null,
          null,
          null,
          null,
          null,
          null,
          null
        ]
      },
      "/app/lib/easyop/plugins/recording.rb": {
        "lines": [
          null,
          null,
          1,
          1,
          null,
          null,
          null,
          null,
          null,
          null,
          null,
          null,
          null,
          null,
          null,
          null,
          null,
          null,
          null,
          null,
          null,
          null,
          null,
          null,
          null,
          null,
          null,
          null,
          1,
          null,
          1,
          null,
          1,
          29,
          29,
          29,
          29,
          null,
          null,
          1,
          null,
          1,
          5,
          null,
          null,
          1,
          25,
          22,
          null,
          null,
          1,
          25,
          2,
          null,
          null,
          1,
          23,
          21,
          2,
          1,
          null,
          1,
          null,
          null,
          null,
          null,
          1,
          1,
          24,
          22,
          22,
          null,
          21,
          21,
          21,
          21,
          null,
          null,
          null,
          1,
          null,
          1,
          null,
          21,
          null,
          null,
          null,
          null,
          null,
          21,
          null,
          null,
          146,
          21,
          null,
          2,
          null,
          null,
          1,
          21,
          null,
          22,
          null,
          null,
          1,
          null,
          null,
          1,
          2,
          1,
          null,
          null,
          null,
          null,
          null
        ]
      },
      "/app/lib/easyop/plugins/transactional.rb": {
        "lines": [
          1,
          1,
          null,
          null,
          null,
          null,
          null,
          null,
          null,
          null,
          null,
          null,
          null,
          null,
          null,
          null,
          null,
          null,
          null,
          null,
          null,
          null,
          null,
          null,
          null,
          null,
          null,
          null,
          1,
          null,
          1,
          2,
          null,
          null,
          1,
          14,
          14,
          null,
          null,
          1,
          null,
          1,
          3,
          null,
          null,
          1,
          15,
          13,
          null,
          null,
          null,
          1,
          null,
          1,
          13,
          null,
          11,
          9,
          2,
          1,
          null,
          1,
          null,
          null,
          20,
          null,
          null,
          null,
          null
        ]
      }
    },
    "timestamp": 1775003810
  }
}
